2022-03-09 17:09:29,440 - Enter 1,to exit the application.
2022-03-09 17:09:29,440 - Enter 2, to login as a registered user.
2022-03-09 17:09:29,440 - Enter 3, for information.
2022-03-09 17:09:37,363 - Enter 1:Back to main menu
2022-03-09 17:09:37,364 - Enter 2 to login.
2022-03-09 17:09:37,364 - Enter 3 to registration.
2022-03-09 17:09:39,303 - Enter login.
2022-03-09 17:09:41,151 - Enter password
2022-03-09 17:09:43,640 - User is not found
2022-03-09 17:09:43,640 - Enter 1:Back to main menu
2022-03-09 17:09:43,640 - Enter 2 to login.
2022-03-09 17:09:43,640 - Enter 3 to registration.
2022-03-09 17:09:55,336 - Enter login.
2022-03-09 17:09:58,230 - Enter password
2022-03-09 17:09:59,946 - Login Successful
2022-03-09 17:09:59,947 - Enter 1 Go out
2022-03-09 17:09:59,947 - Enter 2 to show contact information
2022-03-09 17:09:59,947 - Enter 3 to go to the order menu. Search/Modify/Appoint
2022-03-09 17:09:59,947 - Enter 4 to create a client.
2022-03-09 17:09:59,947 - Enter 5 to create/edit master.
2022-03-09 17:09:59,947 - Enter 6 to edit personal information
2022-03-09 17:09:59,947 - Enter 7 to add receiver master
2022-03-09 17:09:59,947 - Enter 8 to search and modify a client
2022-03-09 17:10:10,178 - Enter 1: Main menu
2022-03-09 17:10:10,178 - Enter 2 Display a list of clients.
2022-03-09 17:10:10,178 - Enter 3 Search for a client by keyword.
2022-03-09 17:10:12,624 - Id:1 Your data, name='test', phone='null', email='test', description='test', login='test1', password='test 
2022-03-09 17:10:12,625 - Id:2 Your data, name='null', phone='12', email='null', description='null', login='12', password='12 
2022-03-09 17:10:12,625 - Id:3 Your data, name='null', phone='r', email='null', description='null', login='rr', password='rr 
2022-03-09 17:10:12,626 - Id:4 Your data, name='null', phone='q', email='null', description='null', login='qq', password='q 
2022-03-09 17:10:12,626 - Edit client? 1-yeas. 2-no
2022-03-09 17:10:18,427 - Enter client id
2022-03-09 17:10:21,009 - Descriptions
2022-03-09 17:10:21,009 - 
2022-03-09 17:10:21,009 - Enter 1 to skip
2022-03-09 17:10:21,009 - Enter 2 to edit
2022-03-09 17:10:23,493 - Name
2022-03-09 17:10:23,493 - 
2022-03-09 17:10:23,493 - Enter 1 to skip
2022-03-09 17:10:23,493 - Enter 2 to edit
2022-03-09 17:10:24,029 - Login
2022-03-09 17:10:24,029 - 12
2022-03-09 17:10:24,029 - Enter 1 to skip
2022-03-09 17:10:24,029 - Enter 2 to edit
2022-03-09 17:10:24,530 - Password
2022-03-09 17:10:24,531 - 12
2022-03-09 17:10:24,531 - Enter 1 to skip
2022-03-09 17:10:24,531 - Enter 2 to edit
2022-03-09 17:10:25,095 - Phone
2022-03-09 17:10:25,095 - 12
2022-03-09 17:10:25,095 - Enter 1 to skip
2022-03-09 17:10:25,095 - Enter 2 to edit
2022-03-09 17:10:25,866 - Email
2022-03-09 17:10:25,866 - 
2022-03-09 17:10:25,866 - Enter 1 to skip
2022-03-09 17:10:25,866 - Enter 2 to edit
2022-03-09 17:10:26,733 - Data entered successfully
2022-03-09 17:10:26,733 - Enter 1: Main menu
2022-03-09 17:10:26,733 - Enter 2 Display a list of clients.
2022-03-09 17:10:26,733 - Enter 3 Search for a client by keyword.
2022-03-09 17:42:57,894 - Enter 1,to exit the application.
2022-03-09 17:42:57,894 - Enter 2, to login as a registered user.
2022-03-09 17:42:57,894 - Enter 3, for information.
2022-03-09 17:43:11,118 - Enter 1,to exit the application.
2022-03-09 17:43:11,118 - Enter 2, to login as a registered user.
2022-03-09 17:43:11,118 - Enter 3, for information.
2022-03-09 17:43:13,144 - Enter 1:Back to main menu
2022-03-09 17:43:13,144 - Enter 2 to login.
2022-03-09 17:43:13,144 - Enter 3 to registration.
2022-03-09 17:43:14,905 - Enter login.
2022-03-09 17:43:16,226 - Enter password
2022-03-09 17:43:18,172 - User is not found
2022-03-09 17:43:18,175 - Enter 1 Go out
2022-03-09 17:43:18,175 - Enter 2 for contact information
2022-03-09 17:43:18,175 - Enter 3 to open recording menu/Sign up for repairs./View machine status.
2022-03-09 17:43:18,175 - Enter 4 to get information about the car/View the list of cars./Edit information on car
2022-03-09 17:43:18,175 - Enter 5 to edit information about the client
2022-03-09 17:43:20,573 - Enter 1:Back to main menu
2022-03-09 17:43:20,573 - Enter 2 to login.
2022-03-09 17:43:20,573 - Enter 3 to registration.
2022-03-09 17:43:21,675 - Enter login.
2022-03-09 17:43:24,460 - Enter password
2022-03-09 17:43:25,544 - Login Successful
2022-03-09 17:43:25,544 - Enter 1 Go out
2022-03-09 17:43:25,544 - Enter 2 for contact information
2022-03-09 17:43:25,544 - Enter 3 to open recording menu/Sign up for repairs./View machine status.
2022-03-09 17:43:25,544 - Enter 4 to get information about the car/View the list of cars./Edit information on car
2022-03-09 17:43:25,544 - Enter 5 to edit information about the client
2022-03-09 17:43:27,281 - Enter 1:Back to main menu
2022-03-09 17:43:27,282 - Enter 2 to login.
2022-03-09 17:43:27,282 - Enter 3 to registration.
2022-03-09 17:43:28,501 - Enter 1 Login menu
2022-03-09 17:43:28,501 - Enter 2 to continue registration
2022-03-09 17:43:30,238 - Enter login
2022-03-09 17:43:32,909 - Enter password
2022-03-09 17:43:34,218 - Enter phone
2022-03-09 17:43:34,983 - Filling in car details
2022-03-09 17:43:34,984 - Enter descriptions or skip
2022-03-09 17:43:35,480 - Enter vehicle mileage
2022-03-09 17:43:36,059 - Enter year of car
2022-03-09 17:43:36,879 - Enter number of the car
2022-03-09 17:43:37,562 - User created successfully
2022-03-09 17:43:37,563 - Enter 1:Back to main menu
2022-03-09 17:43:37,563 - Enter 2 to login.
2022-03-09 17:43:37,563 - Enter 3 to registration.
2022-03-09 17:43:41,085 - Enter 1 Login menu
2022-03-09 17:43:41,085 - Enter 2 to continue registration
2022-03-09 17:43:42,249 - Enter 1 Login menu
2022-03-09 17:43:42,250 - Enter 2 to continue registration
2022-03-09 17:43:43,512 - Enter login
2022-03-09 17:43:44,324 - Enter password
2022-03-09 17:43:44,841 - Enter phone
2022-03-09 17:43:45,319 - Filling in car details
2022-03-09 17:43:45,319 - Enter descriptions or skip
2022-03-09 17:43:45,838 - Enter vehicle mileage
2022-03-09 17:43:46,409 - Enter year of car
2022-03-09 17:43:47,016 - Enter number of the car
2022-03-09 17:43:47,654 - User created successfully
2022-03-09 17:43:47,654 - Enter 1:Back to main menu
2022-03-09 17:43:47,654 - Enter 2 to login.
2022-03-09 17:43:47,655 - Enter 3 to registration.
2022-03-09 17:43:51,405 - Enter login.
2022-03-09 17:43:53,503 - Enter password
2022-03-09 17:43:54,230 - Login Successful
2022-03-09 17:43:54,230 - Enter 1 Go out
2022-03-09 17:43:54,230 - Enter 2 for contact information
2022-03-09 17:43:54,230 - Enter 3 to open recording menu/Sign up for repairs./View machine status.
2022-03-09 17:43:54,231 - Enter 4 to get information about the car/View the list of cars./Edit information on car
2022-03-09 17:43:54,231 - Enter 5 to edit information about the client
2022-03-09 17:43:58,997 - Enter 1.Main menu
2022-03-09 17:43:58,997 - Enter 2. Display a list of cars
2022-03-09 17:43:58,997 - Enter 5. Select a car to edit
2022-03-09 17:43:58,997 - Enter 6 to add car data
2022-03-09 17:44:00,512 - No car data found
2022-03-09 17:44:00,512 - Enter 6 to add car data
2022-03-09 17:44:03,003 - Enter descriptions or skip
2022-03-09 17:44:04,570 - Enter vehicle mileage
2022-03-09 17:44:05,110 - Enter year of car
2022-03-09 17:44:05,708 - Enter number of the car
2022-03-09 17:44:06,759 - Your data, name='test', phone='null', email='test', description='test', login='test1', password='test
2022-03-09 17:44:06,759 - Data added successfully
2022-03-09 17:44:06,760 - Enter 1.Main menu
2022-03-09 17:44:06,760 - Enter 2. Display a list of cars
2022-03-09 17:44:06,760 - Enter 5. Select a car to edit
2022-03-09 17:44:06,760 - Enter 6 to add car data
2022-03-09 17:49:40,906 - Enter 1,to exit the application.
2022-03-09 17:49:40,907 - Enter 2, to login as a registered user.
2022-03-09 17:49:40,907 - Enter 3, for information.
2022-03-09 17:49:44,492 - Contact Information: Address: Minsk, Gintovta st., 1, 3rd floor
Phone:+375(33)330-89-79
Opening hours:8.00-23.00
2022-03-09 17:49:44,492 - Enter 1,to exit the application.
2022-03-09 17:49:44,492 - Enter 2, to login as a registered user.
2022-03-09 17:49:44,492 - Enter 3, for information.
2022-03-09 17:49:51,538 - Enter 1,to exit the application.
2022-03-09 17:49:51,538 - Enter 2, to login as a registered user.
2022-03-09 17:49:51,538 - Enter 3, for information.
2022-03-09 17:49:53,751 - Enter 1:Back to main menu
2022-03-09 17:49:53,751 - Enter 2 to login.
2022-03-09 17:49:53,751 - Enter 3 to registration.
2022-03-09 17:49:55,679 - Enter login.
2022-03-09 17:49:57,428 - Enter password
2022-03-09 17:49:59,671 - Login Successful
2022-03-09 17:49:59,675 - Enter 1 Go out
2022-03-09 17:49:59,675 - Enter 2 for contact information
2022-03-09 17:49:59,675 - Enter 3 to open recording menu/Sign up for repairs./View machine status.
2022-03-09 17:49:59,676 - Enter 4 to get information about the car/View the list of cars./Edit information on car
2022-03-09 17:49:59,676 - Enter 5 to edit information about the client
2022-03-09 17:50:03,792 - Descriptions
2022-03-09 17:50:03,792 - 
2022-03-09 17:50:03,793 - Enter 1 to skip
2022-03-09 17:50:03,793 - Enter 2 to edit
2022-03-09 17:50:07,643 - Name
2022-03-09 17:50:07,643 - 
2022-03-09 17:50:07,643 - Enter 1 to skip
2022-03-09 17:50:07,643 - Enter 2 to edit
2022-03-09 17:50:09,828 - Enter values
2022-03-09 17:50:14,133 - Login
2022-03-09 17:50:14,133 - alex
2022-03-09 17:50:14,133 - Enter 1 to skip
2022-03-09 17:50:14,133 - Enter 2 to edit
2022-03-09 17:50:17,224 - Password
2022-03-09 17:50:17,224 - alex
2022-03-09 17:50:17,224 - Enter 1 to skip
2022-03-09 17:50:17,224 - Enter 2 to edit
2022-03-09 17:50:18,597 - Phone
2022-03-09 17:50:18,597 - 1
2022-03-09 17:50:18,597 - Enter 1 to skip
2022-03-09 17:50:18,597 - Enter 2 to edit
2022-03-09 17:50:20,239 - Enter values
2022-03-09 17:50:28,052 - Email
2022-03-09 17:50:28,052 - 
2022-03-09 17:50:28,052 - Enter 1 to skip
2022-03-09 17:50:28,052 - Enter 2 to edit
2022-03-09 17:50:30,776 - Enter values
2022-03-09 17:50:43,708 - Data entered successfully
2022-03-09 17:50:43,708 - Enter 1 Go out
2022-03-09 17:50:43,709 - Enter 2 for contact information
2022-03-09 17:50:43,709 - Enter 3 to open recording menu/Sign up for repairs./View machine status.
2022-03-09 17:50:43,709 - Enter 4 to get information about the car/View the list of cars./Edit information on car
2022-03-09 17:50:43,709 - Enter 5 to edit information about the client
2022-03-09 17:50:56,350 - Enter 1.Main menu
2022-03-09 17:50:56,350 - Enter 2. Display a list of cars
2022-03-09 17:50:56,351 - Enter 5. Select a car to edit
2022-03-09 17:50:56,351 - Enter 6 to add car data
2022-03-09 17:50:58,798 - [Your cars: summer='1', ear='1', metadataCar='1', run='1'}]
2022-03-09 17:50:58,799 - Enter 5 to go to a specific car
2022-03-09 17:50:58,799 - Enter 1.Close selection and editor menu
2022-03-09 17:50:58,799 - Enter 2. Display a list of cars
2022-03-09 17:51:36,730 - [Your cars: summer='1', ear='1', metadataCar='1', run='1'}]
2022-03-09 17:51:36,730 - Enter car number(metadata car)
2022-03-09 17:51:40,167 - Edit selected car?
2022-03-09 17:51:40,168 - Enter 1 to continue editing
2022-03-09 17:51:40,168 - Enter 2 to edit
2022-03-09 17:51:49,825 - Descriptions
2022-03-09 17:51:49,825 - 1
2022-03-09 17:51:49,825 - Enter 1 to skip
2022-03-09 17:51:49,826 - Enter 2 to edit
2022-03-09 17:51:52,400 - Enter values
2022-03-09 17:52:00,894 - Enter vehicle mileage
2022-03-09 17:52:00,894 - 1
2022-03-09 17:52:00,894 - Enter 1 to skip
2022-03-09 17:52:00,894 - Enter 2 to edit
2022-03-09 17:52:00,894 - Enter year of car
2022-03-09 17:52:00,894 - 1
2022-03-09 17:52:00,894 - Enter 1 to skip
2022-03-09 17:52:00,894 - Enter 2 to edit
2022-03-09 17:52:03,842 - Enter number of the car
2022-03-09 17:52:03,842 - 1
2022-03-09 17:52:03,842 - Enter 1 to skip
2022-03-09 17:52:03,848 - Enter 2 to edit
2022-03-09 17:52:08,854 - Enter values
2022-03-09 17:52:21,889 - Data entered successfully
2022-03-09 17:52:21,889 - Enter 1.Main menu
2022-03-09 17:52:21,889 - Enter 2. Display a list of cars
2022-03-09 17:52:21,889 - Enter 5. Select a car to edit
2022-03-09 17:52:21,889 - Enter 6 to add car data
2022-03-09 17:52:27,633 - [Your cars: summer='9877om', ear='1', metadataCar='1', run='1'}]
2022-03-09 17:52:27,634 - Enter 5 to go to a specific car
2022-03-09 17:52:27,634 - Enter 1.Close selection and editor menu
2022-03-09 17:52:27,634 - Enter 2. Display a list of cars
2022-03-09 17:52:32,190 - [Your cars: summer='9877om', ear='1', metadataCar='1', run='1'}]
2022-03-09 17:52:32,190 - Enter 5 to go to a specific car
2022-03-09 17:52:32,190 - Enter 1.Close selection and editor menu
2022-03-09 17:52:32,190 - Enter 2. Display a list of cars
2022-03-09 17:52:36,871 - [Your cars: summer='9877om', ear='1', metadataCar='1', run='1'}]
2022-03-09 17:52:36,871 - Enter 5 to go to a specific car
2022-03-09 17:52:36,871 - Enter 1.Close selection and editor menu
2022-03-09 17:52:36,871 - Enter 2. Display a list of cars
2022-03-09 17:52:42,955 - [Your cars: summer='9877om', ear='1', metadataCar='1', run='1'}]
2022-03-09 17:52:42,955 - Enter 5 to go to a specific car
2022-03-09 17:52:42,955 - Enter 1.Close selection and editor menu
2022-03-09 17:52:42,955 - Enter 2. Display a list of cars
2022-03-09 17:52:44,149 - Enter 1 Go out
2022-03-09 17:52:44,149 - Enter 2 for contact information
2022-03-09 17:52:44,149 - Enter 3 to open recording menu/Sign up for repairs./View machine status.
2022-03-09 17:52:44,149 - Enter 4 to get information about the car/View the list of cars./Edit information on car
2022-03-09 17:52:44,149 - Enter 5 to edit information about the client
2022-03-09 17:52:56,715 - Enter 1:Back to main menu
2022-03-09 17:52:56,715 - Enter 2 to login.
2022-03-09 17:52:56,715 - Enter 3 to registration.
2022-03-09 17:52:59,136 - Enter 1,to exit the application.
2022-03-09 17:52:59,137 - Enter 2, to login as a registered user.
2022-03-09 17:52:59,137 - Enter 3, for information.
2022-03-09 17:53:09,316 - Enter 1,to exit the application.
2022-03-09 17:53:09,317 - Enter 2, to login as a registered user.
2022-03-09 17:53:09,317 - Enter 3, for information.
2022-03-09 17:53:12,170 - Enter 1:Back to main menu
2022-03-09 17:53:12,170 - Enter 2 to login.
2022-03-09 17:53:12,170 - Enter 3 to registration.
2022-03-09 17:53:13,892 - Enter login.
2022-03-09 17:53:17,772 - Enter password
2022-03-09 17:53:19,294 - Login Successful
2022-03-09 17:53:19,297 - Enter 1 Go out
2022-03-09 17:53:19,297 - Enter 2 for contact information
2022-03-09 17:53:19,297 - Enter 3 to open recording menu/Sign up for repairs./View machine status.
2022-03-09 17:53:19,298 - Enter 4 to get information about the car/View the list of cars./Edit information on car
2022-03-09 17:53:19,298 - Enter 5 to edit information about the client
2022-03-09 17:53:27,728 - Enter 1.Main menu
2022-03-09 17:53:27,728 - Enter 2. Display a list of cars
2022-03-09 17:53:27,729 - Enter 5. Select a car to edit
2022-03-09 17:53:27,729 - Enter 6 to add car data
2022-03-09 17:53:29,331 - [Your cars: summer='12', ear='12', metadataCar='33', run='12'}]
2022-03-09 17:53:29,332 - Enter 1.Close selection and editor menu
2022-03-09 17:53:29,332 - Enter 2. Display a list of cars
2022-03-09 17:53:29,332 - Enter 5 to go to a specific car
2022-03-09 17:53:34,514 - Enter 1 Go out
2022-03-09 17:53:34,514 - Enter 2 for contact information
2022-03-09 17:53:34,514 - Enter 3 to open recording menu/Sign up for repairs./View machine status.
2022-03-09 17:53:34,514 - Enter 4 to get information about the car/View the list of cars./Edit information on car
2022-03-09 17:53:34,514 - Enter 5 to edit information about the client
2022-03-09 17:53:38,644 - Enter 1:Back to main menu
2022-03-09 17:53:38,644 - Enter 2 to login.
2022-03-09 17:53:38,644 - Enter 3 to registration.
2022-03-09 17:53:40,055 - Enter login.
2022-03-09 17:53:43,440 - Enter password
2022-03-09 17:53:45,046 - User is not found
2022-03-09 17:53:45,046 - Enter 1 Go out
2022-03-09 17:53:45,046 - Enter 2 for contact information
2022-03-09 17:53:45,047 - Enter 3 to open recording menu/Sign up for repairs./View machine status.
2022-03-09 17:53:45,047 - Enter 4 to get information about the car/View the list of cars./Edit information on car
2022-03-09 17:53:45,047 - Enter 5 to edit information about the client
2022-03-09 17:53:53,292 - Enter 1.Main menu
2022-03-09 17:53:53,292 - Enter 2. Display a list of cars
2022-03-09 17:53:53,292 - Enter 5. Select a car to edit
2022-03-09 17:53:53,292 - Enter 6 to add car data
2022-03-09 17:53:54,781 - [Your cars: summer='12', ear='12', metadataCar='33', run='12'}]
2022-03-09 17:53:54,781 - Enter 1.Close selection and editor menu
2022-03-09 17:53:54,781 - Enter 2. Display a list of cars
2022-03-09 17:53:54,781 - Enter 5 to go to a specific car
2022-03-09 18:05:04,413 - Enter 1,to exit the application.
2022-03-09 18:05:04,414 - Enter 2, to login as a registered user.
2022-03-09 18:05:04,414 - Enter 3, for information.
2022-03-09 18:05:07,462 - Enter 1:Back to main menu
2022-03-09 18:05:07,462 - Enter 2 to login.
2022-03-09 18:05:07,462 - Enter 3 to registration.
2022-03-09 18:05:08,905 - Enter login.
2022-03-09 18:05:11,721 - Enter password
2022-03-09 18:05:13,764 - User is not found
2022-03-09 18:05:13,765 - Enter 1:Back to main menu
2022-03-09 18:05:13,765 - Enter 2 to login.
2022-03-09 18:05:13,765 - Enter 3 to registration.
2022-03-09 18:05:43,845 - Enter 1,to exit the application.
2022-03-09 18:05:43,846 - Enter 2, to login as a registered user.
2022-03-09 18:05:43,846 - Enter 3, for information.
2022-03-09 18:05:45,169 - Enter 1:Back to main menu
2022-03-09 18:05:45,169 - Enter 2 to login.
2022-03-09 18:05:45,169 - Enter 3 to registration.
2022-03-09 18:05:46,214 - Enter login.
2022-03-09 18:05:48,031 - Enter password
2022-03-09 18:05:49,635 - Login Successful
2022-03-09 18:05:49,639 - Enter 1 Go out
2022-03-09 18:05:49,639 - Enter 2 for contact information
2022-03-09 18:05:49,639 - Enter 3 to open recording menu/Sign up for repairs./View machine status.
2022-03-09 18:05:49,639 - Enter 4 to get information about the car/View the list of cars./Edit information on car
2022-03-09 18:05:49,639 - Enter 5 to edit information about the client
2022-03-09 18:05:53,038 - Enter 1.Main menu
2022-03-09 18:05:53,038 - Enter 2. Display a list of cars
2022-03-09 18:05:53,038 - Enter 5. Select a car to edit
2022-03-09 18:05:53,038 - Enter 6 to add car data
2022-03-09 18:06:00,592 - [Your cars: summer='9877om', ear='1', metadataCar='1', run='1'}]
2022-03-09 18:06:00,592 - Enter car number(metadata car)
2022-03-09 18:06:05,895 - Edit selected car?
2022-03-09 18:06:05,895 - Enter 1 to continue editing
2022-03-09 18:06:05,896 - Enter 2 to edit
2022-03-09 18:06:25,367 - Enter 1,to exit the application.
2022-03-09 18:06:25,367 - Enter 2, to login as a registered user.
2022-03-09 18:06:25,367 - Enter 3, for information.
2022-03-09 18:06:28,857 - Enter 1:Back to main menu
2022-03-09 18:06:28,857 - Enter 2 to login.
2022-03-09 18:06:28,857 - Enter 3 to registration.
2022-03-09 18:06:30,020 - Enter login.
2022-03-09 18:06:32,045 - Enter password
2022-03-09 18:06:33,588 - Login Successful
2022-03-09 18:06:33,593 - Enter 1 Go out
2022-03-09 18:06:33,593 - Enter 2 for contact information
2022-03-09 18:06:33,593 - Enter 3 to open recording menu/Sign up for repairs./View machine status.
2022-03-09 18:06:33,593 - Enter 4 to get information about the car/View the list of cars./Edit information on car
2022-03-09 18:06:33,593 - Enter 5 to edit information about the client
2022-03-09 18:06:41,019 - Enter 1.Main menu
2022-03-09 18:06:41,019 - Enter 2. Display a list of cars
2022-03-09 18:06:41,019 - Enter 5. Select a car to edit
2022-03-09 18:06:41,019 - Enter 6 to add car data
2022-03-09 18:06:46,603 - [Your cars: summer='9877om', ear='1', metadataCar='1', run='1'}]
2022-03-09 18:06:46,603 - Enter 1.Close selection and editor menu
2022-03-09 18:06:46,603 - Enter 2. Display a list of cars
2022-03-09 18:06:46,603 - Enter 5 to go to a specific car
2022-03-09 18:06:53,943 - Enter 1 Go out
2022-03-09 18:06:53,943 - Enter 2 for contact information
2022-03-09 18:06:53,943 - Enter 3 to open recording menu/Sign up for repairs./View machine status.
2022-03-09 18:06:53,943 - Enter 4 to get information about the car/View the list of cars./Edit information on car
2022-03-09 18:06:53,943 - Enter 5 to edit information about the client
2022-03-09 18:06:55,797 - Enter 1:Back to main menu
2022-03-09 18:06:55,797 - Enter 2 to login.
2022-03-09 18:06:55,797 - Enter 3 to registration.
2022-03-09 18:06:57,147 - Enter login.
2022-03-09 18:06:59,585 - Enter password
2022-03-09 18:07:01,121 - Login Successful
2022-03-09 18:07:01,121 - Enter 1 Go out
2022-03-09 18:07:01,121 - Enter 2 for contact information
2022-03-09 18:07:01,121 - Enter 3 to open recording menu/Sign up for repairs./View machine status.
2022-03-09 18:07:01,121 - Enter 4 to get information about the car/View the list of cars./Edit information on car
2022-03-09 18:07:01,121 - Enter 5 to edit information about the client
2022-03-09 18:07:12,524 - Enter 1.Main menu
2022-03-09 18:07:12,524 - Enter 2. Display a list of cars
2022-03-09 18:07:12,524 - Enter 5. Select a car to edit
2022-03-09 18:07:12,524 - Enter 6 to add car data
2022-03-09 18:07:14,535 - [Your cars: summer='9877om', ear='1', metadataCar='1', run='1'}]
2022-03-09 18:07:14,535 - Enter 1.Close selection and editor menu
2022-03-09 18:07:14,536 - Enter 2. Display a list of cars
2022-03-09 18:07:14,536 - Enter 5 to go to a specific car
2022-03-09 18:11:34,914 - Enter 1,to exit the application.
2022-03-09 18:11:34,914 - Enter 2, to login as a registered user.
2022-03-09 18:11:34,914 - Enter 3, for information.
2022-03-09 18:11:39,311 - Enter 1:Back to main menu
2022-03-09 18:11:39,311 - Enter 2 to login.
2022-03-09 18:11:39,311 - Enter 3 to registration.
2022-03-09 18:11:40,290 - Enter login.
2022-03-09 18:11:42,384 - Enter password
2022-03-09 18:11:43,793 - Login Successful
2022-03-09 18:11:43,796 - Enter 1 Go out
2022-03-09 18:11:43,797 - Enter 2 for contact information
2022-03-09 18:11:43,797 - Enter 3 to open recording menu/Sign up for repairs./View machine status.
2022-03-09 18:11:43,797 - Enter 4 to get information about the car/View the list of cars./Edit information on car
2022-03-09 18:11:43,797 - Enter 5 to edit information about the client
2022-03-09 18:11:50,252 - Enter 1.Main menu
2022-03-09 18:11:50,252 - Enter 2. Display a list of cars
2022-03-09 18:11:50,252 - Enter 5. Select a car to edit
2022-03-09 18:11:50,252 - Enter 6 to add car data
2022-03-09 18:11:52,006 - [Your cars: summer='12', ear='12', metadataCar='33', run='12'}]
2022-03-09 18:11:52,006 - Enter 1.Close selection and editor menu
2022-03-09 18:11:52,006 - Enter 2. Display a list of cars
2022-03-09 18:11:52,006 - Enter 5 to go to a specific car
2022-03-09 18:11:56,522 - Enter 1 Go out
2022-03-09 18:11:56,522 - Enter 2 for contact information
2022-03-09 18:11:56,522 - Enter 3 to open recording menu/Sign up for repairs./View machine status.
2022-03-09 18:11:56,522 - Enter 4 to get information about the car/View the list of cars./Edit information on car
2022-03-09 18:11:56,523 - Enter 5 to edit information about the client
2022-03-09 18:11:58,145 - Enter 1:Back to main menu
2022-03-09 18:11:58,145 - Enter 2 to login.
2022-03-09 18:11:58,145 - Enter 3 to registration.
2022-03-09 18:14:20,076 - Enter login.
2022-03-09 18:14:23,788 - Enter password
2022-03-09 18:14:25,208 - Login Successful
2022-03-09 18:14:25,209 - Enter 1 Go out
2022-03-09 18:14:25,209 - Enter 2 for contact information
2022-03-09 18:14:25,209 - Enter 3 to open recording menu/Sign up for repairs./View machine status.
2022-03-09 18:14:25,209 - Enter 4 to get information about the car/View the list of cars./Edit information on car
2022-03-09 18:14:25,209 - Enter 5 to edit information about the client
2022-03-09 18:14:33,304 - Enter 1.Main menu
2022-03-09 18:14:33,305 - Enter 2. Display a list of cars
2022-03-09 18:14:33,305 - Enter 5. Select a car to edit
2022-03-09 18:14:33,305 - Enter 6 to add car data
2022-03-09 18:14:35,345 - [Your cars: summer='12', ear='12', metadataCar='33', run='12'}]
2022-03-09 18:14:35,346 - Enter 1.Close selection and editor menu
2022-03-09 18:14:35,346 - Enter 2. Display a list of cars
2022-03-09 18:14:35,346 - Enter 5 to go to a specific car
2022-03-09 18:24:25,513 - Enter 1,to exit the application.
2022-03-09 18:24:25,513 - Enter 2, to login as a registered user.
2022-03-09 18:24:25,513 - Enter 3, for information.
2022-03-09 18:29:07,820 - Enter 1:Back to main menu
2022-03-09 18:29:07,820 - Enter 2 to login.
2022-03-09 18:29:07,820 - Enter 3 to registration.
2022-03-09 18:29:09,022 - Enter login.
2022-03-09 18:29:12,300 - Enter password
2022-03-09 18:29:13,631 - Login Successful
2022-03-09 18:29:13,634 - Enter 1 Go out
2022-03-09 18:29:13,634 - Enter 2 for contact information
2022-03-09 18:29:13,634 - Enter 3 to open recording menu/Sign up for repairs./View machine status.
2022-03-09 18:29:13,634 - Enter 4 to get information about the car/View the list of cars./Edit information on car
2022-03-09 18:29:13,634 - Enter 5 to edit information about the client
2022-03-09 18:29:17,379 - Enter 1.Main menu
2022-03-09 18:29:17,379 - Enter 2. Display a list of cars
2022-03-09 18:29:17,379 - Enter 5. Select a car to edit
2022-03-09 18:29:17,379 - Enter 6 to add car data
2022-03-09 18:29:18,883 - [Your cars: summer='9877om', ear='1', metadataCar='1', run='1'}]
2022-03-09 18:29:18,883 - Enter 1.Close selection and editor menu
2022-03-09 18:29:18,883 - Enter 2. Display a list of cars
2022-03-09 18:29:18,884 - Enter 5 to go to a specific car
2022-03-09 18:29:22,154 - Enter 1 Go out
2022-03-09 18:29:22,154 - Enter 2 for contact information
2022-03-09 18:29:22,154 - Enter 3 to open recording menu/Sign up for repairs./View machine status.
2022-03-09 18:29:22,154 - Enter 4 to get information about the car/View the list of cars./Edit information on car
2022-03-09 18:29:22,154 - Enter 5 to edit information about the client
2022-03-09 18:29:23,422 - Enter 1:Back to main menu
2022-03-09 18:29:23,422 - Enter 2 to login.
2022-03-09 18:29:23,423 - Enter 3 to registration.
2022-03-09 18:29:27,986 - Enter login.
2022-03-09 18:29:30,582 - Enter password
2022-03-09 18:29:31,808 - Login Successful
2022-03-09 18:29:31,808 - Enter 1 Go out
2022-03-09 18:29:31,808 - Enter 2 for contact information
2022-03-09 18:29:31,808 - Enter 3 to open recording menu/Sign up for repairs./View machine status.
2022-03-09 18:29:31,808 - Enter 4 to get information about the car/View the list of cars./Edit information on car
2022-03-09 18:29:31,808 - Enter 5 to edit information about the client
2022-03-09 18:29:35,514 - Enter 1.Main menu
2022-03-09 18:29:35,514 - Enter 2. Display a list of cars
2022-03-09 18:29:35,514 - Enter 5. Select a car to edit
2022-03-09 18:29:35,515 - Enter 6 to add car data
2022-03-09 18:29:37,683 - [Your cars: summer='9877om', ear='1', metadataCar='1', run='1'}]
2022-03-09 18:29:37,684 - Enter 1.Close selection and editor menu
2022-03-09 18:29:37,684 - Enter 2. Display a list of cars
2022-03-09 18:29:37,684 - Enter 5 to go to a specific car
2022-03-09 18:31:16,330 - Enter 1,to exit the application.
2022-03-09 18:31:16,331 - Enter 2, to login as a registered user.
2022-03-09 18:31:16,331 - Enter 3, for information.
2022-03-09 18:31:18,377 - Enter 1:Back to main menu
2022-03-09 18:31:18,377 - Enter 2 to login.
2022-03-09 18:31:18,377 - Enter 3 to registration.
2022-03-09 18:31:23,653 - Enter login.
2022-03-09 18:31:26,157 - Enter password
2022-03-09 18:31:27,896 - Login Successful
2022-03-09 18:31:27,900 - Enter 1 Go out
2022-03-09 18:31:27,900 - Enter 2 for contact information
2022-03-09 18:31:27,900 - Enter 3 to open recording menu/Sign up for repairs./View machine status.
2022-03-09 18:31:27,900 - Enter 4 to get information about the car/View the list of cars./Edit information on car
2022-03-09 18:31:27,900 - Enter 5 to edit information about the client
2022-03-09 18:31:29,706 - Enter 1:Back to main menu
2022-03-09 18:31:29,706 - Enter 2 to login.
2022-03-09 18:31:29,706 - Enter 3 to registration.
2022-03-09 18:32:16,824 - Enter login.
2022-03-09 18:32:20,522 - Enter password
2022-03-09 18:32:21,868 - Login Successful
2022-03-09 18:32:21,868 - Enter 1 Go out
2022-03-09 18:32:21,868 - Enter 2 for contact information
2022-03-09 18:32:21,868 - Enter 3 to open recording menu/Sign up for repairs./View machine status.
2022-03-09 18:32:21,869 - Enter 4 to get information about the car/View the list of cars./Edit information on car
2022-03-09 18:32:21,869 - Enter 5 to edit information about the client
2022-03-09 18:32:23,774 - Enter 1:Back to main menu
2022-03-09 18:32:23,774 - Enter 2 to login.
2022-03-09 18:32:23,774 - Enter 3 to registration.
2022-03-09 18:33:34,394 - Enter 1,to exit the application.
2022-03-09 18:33:34,394 - Enter 2, to login as a registered user.
2022-03-09 18:33:34,394 - Enter 3, for information.
2022-03-09 18:33:35,861 - Enter 1:Back to main menu
2022-03-09 18:33:35,861 - Enter 2 to login.
2022-03-09 18:33:35,861 - Enter 3 to registration.
2022-03-09 18:33:36,818 - Enter login.
2022-03-09 18:33:38,088 - Enter password
2022-03-09 18:33:40,303 - Login Successful
2022-03-09 18:33:40,307 - Enter 1 Go out
2022-03-09 18:33:40,307 - Enter 2 for contact information
2022-03-09 18:33:40,307 - Enter 3 to open recording menu/Sign up for repairs./View machine status.
2022-03-09 18:33:40,307 - Enter 4 to get information about the car/View the list of cars./Edit information on car
2022-03-09 18:33:40,307 - Enter 5 to edit information about the client
2022-03-09 18:33:41,244 - Enter 1:Back to main menu
2022-03-09 18:33:41,244 - Enter 2 to login.
2022-03-09 18:33:41,244 - Enter 3 to registration.
2022-03-09 18:43:45,292 - Enter 1,to exit the application.
2022-03-09 18:43:45,292 - Enter 2, to login as a registered user.
2022-03-09 18:43:45,292 - Enter 3, for information.
2022-03-09 18:43:47,628 - Enter 1:Back to main menu
2022-03-09 18:43:47,628 - Enter 2 to login.
2022-03-09 18:43:47,628 - Enter 3 to registration.
2022-03-09 18:43:48,781 - Enter login.
2022-03-09 18:43:50,725 - Enter password
2022-03-09 18:43:52,005 - Login Successful
2022-03-09 18:43:52,009 - Enter 1 Go out
2022-03-09 18:43:52,009 - Enter 2 for contact information
2022-03-09 18:43:52,009 - Enter 3 to open recording menu/Sign up for repairs./View machine status.
2022-03-09 18:43:52,010 - Enter 4 to get information about the car/View the list of cars./Edit information on car
2022-03-09 18:43:52,010 - Enter 5 to edit information about the client
2022-03-09 18:43:55,062 - Enter 1.Main menu
2022-03-09 18:43:55,062 - Enter 2. Display a list of cars
2022-03-09 18:43:55,062 - Enter 5. Select a car to edit
2022-03-09 18:43:55,063 - Enter 6 to add car data
2022-03-09 18:43:56,328 - [Your cars: summer='12', ear='12', metadataCar='33', run='12'}]
2022-03-09 18:43:56,328 - Enter 1.Close selection and editor menu
2022-03-09 18:43:56,328 - Enter 2. Display a list of cars
2022-03-09 18:43:56,328 - Enter 5 to go to a specific car
2022-03-09 18:43:57,929 - Enter 1 Go out
2022-03-09 18:43:57,929 - Enter 2 for contact information
2022-03-09 18:43:57,930 - Enter 3 to open recording menu/Sign up for repairs./View machine status.
2022-03-09 18:43:57,930 - Enter 4 to get information about the car/View the list of cars./Edit information on car
2022-03-09 18:43:57,930 - Enter 5 to edit information about the client
2022-03-09 18:43:58,927 - Enter 1:Back to main menu
2022-03-09 18:43:58,927 - Enter 2 to login.
2022-03-09 18:43:58,927 - Enter 3 to registration.
2022-03-09 18:44:01,023 - Enter login.
2022-03-09 18:44:02,720 - Enter password
2022-03-09 18:44:04,175 - Login Successful
2022-03-09 18:44:04,176 - Enter 1 Go out
2022-03-09 18:44:04,176 - Enter 2 for contact information
2022-03-09 18:44:04,176 - Enter 3 to open recording menu/Sign up for repairs./View machine status.
2022-03-09 18:44:04,176 - Enter 4 to get information about the car/View the list of cars./Edit information on car
2022-03-09 18:44:04,176 - Enter 5 to edit information about the client
2022-03-09 18:44:06,638 - Enter 1.Main menu
2022-03-09 18:44:06,639 - Enter 2. Display a list of cars
2022-03-09 18:44:06,639 - Enter 5. Select a car to edit
2022-03-09 18:44:06,639 - Enter 6 to add car data
2022-03-09 18:44:07,801 - [Your cars: summer='12', ear='12', metadataCar='33', run='12'}]
2022-03-09 18:44:07,801 - Enter 1.Close selection and editor menu
2022-03-09 18:44:07,802 - Enter 2. Display a list of cars
2022-03-09 18:44:07,802 - Enter 5 to go to a specific car
2022-03-09 18:44:16,672 - [Your cars: summer='12', ear='12', metadataCar='33', run='12'}]
2022-03-09 18:44:16,672 - Enter 1.Close selection and editor menu
2022-03-09 18:44:16,673 - Enter 2. Display a list of cars
2022-03-09 18:44:16,673 - Enter 5 to go to a specific car
2022-03-09 18:44:20,973 - [Your cars: summer='12', ear='12', metadataCar='33', run='12'}]
2022-03-09 18:44:20,973 - Enter car number(metadata car)
2022-03-09 18:44:22,182 - Edit selected car?
2022-03-09 18:44:22,182 - Enter 1 to continue editing
2022-03-09 18:44:22,182 - Enter 2 to edit
2022-03-09 18:48:17,417 - Enter 1,to exit the application.
2022-03-09 18:48:17,417 - Enter 2, to login as a registered user.
2022-03-09 18:48:17,417 - Enter 3, for information.
2022-03-09 18:48:18,739 - Enter 1:Back to main menu
2022-03-09 18:48:18,739 - Enter 2 to login.
2022-03-09 18:48:18,739 - Enter 3 to registration.
2022-03-09 18:48:19,615 - Enter login.
2022-03-09 18:48:21,173 - Enter password
2022-03-09 18:48:22,355 - Login Successful
2022-03-09 18:48:22,358 - Enter 1 Go out
2022-03-09 18:48:22,358 - Enter 2 for contact information
2022-03-09 18:48:22,359 - Enter 3 to open recording menu/Sign up for repairs./View machine status.
2022-03-09 18:48:22,359 - Enter 4 to get information about the car/View the list of cars./Edit information on car
2022-03-09 18:48:22,359 - Enter 5 to edit information about the client
2022-03-09 18:48:25,678 - Enter 1.Main menu
2022-03-09 18:48:25,679 - Enter 2. Display a list of cars
2022-03-09 18:48:25,679 - Enter 5. Select a car to edit
2022-03-09 18:48:25,679 - Enter 6 to add car data
2022-03-09 18:48:27,601 - [Your cars: summer='9877om', ear='1', metadataCar='1', run='1'}]
2022-03-09 18:48:27,601 - Enter 1.Close selection and editor menu
2022-03-09 18:48:27,602 - Enter 2. Display a list of cars
2022-03-09 18:48:27,602 - Enter 5 to go to a specific car
2022-03-09 18:48:39,702 - Enter 1 Go out
2022-03-09 18:48:39,703 - Enter 2 for contact information
2022-03-09 18:48:39,703 - Enter 3 to open recording menu/Sign up for repairs./View machine status.
2022-03-09 18:48:39,703 - Enter 4 to get information about the car/View the list of cars./Edit information on car
2022-03-09 18:48:39,703 - Enter 5 to edit information about the client
2022-03-09 18:48:45,388 - Enter 1:Back to main menu
2022-03-09 18:48:45,388 - Enter 2 to login.
2022-03-09 18:48:45,388 - Enter 3 to registration.
2022-03-09 18:48:46,451 - Enter login.
2022-03-09 18:48:48,523 - Enter password
2022-03-09 18:48:49,627 - Login Successful
2022-03-09 18:48:49,627 - Enter 1 Go out
2022-03-09 18:48:49,627 - Enter 2 for contact information
2022-03-09 18:48:49,627 - Enter 3 to open recording menu/Sign up for repairs./View machine status.
2022-03-09 18:48:49,627 - Enter 4 to get information about the car/View the list of cars./Edit information on car
2022-03-09 18:48:49,627 - Enter 5 to edit information about the client
2022-03-09 18:48:53,971 - Enter 1.Main menu
2022-03-09 18:48:53,971 - Enter 2. Display a list of cars
2022-03-09 18:48:53,971 - Enter 5. Select a car to edit
2022-03-09 18:48:53,971 - Enter 6 to add car data
2022-03-09 18:48:55,056 - [Your cars: summer='9877om', ear='1', metadataCar='1', run='1'}]
2022-03-09 18:48:55,056 - Enter 1.Close selection and editor menu
2022-03-09 18:48:55,056 - Enter 2. Display a list of cars
2022-03-09 18:48:55,056 - Enter 5 to go to a specific car
2022-03-09 18:53:56,265 - Enter 1,to exit the application.
2022-03-09 18:53:56,266 - Enter 2, to login as a registered user.
2022-03-09 18:53:56,266 - Enter 3, for information.
2022-03-09 19:09:12,256 - Enter 1,to exit the application.
2022-03-09 19:09:12,257 - Enter 2, to login as a registered user.
2022-03-09 19:09:12,257 - Enter 3, for information.
2022-03-09 19:12:33,849 - Enter 1:Back to main menu
2022-03-09 19:12:33,849 - Enter 2 to login.
2022-03-09 19:12:33,849 - Enter 3 to registration.
2022-03-09 19:12:39,073 - Enter login.
2022-03-09 19:12:40,562 - Enter password
2022-03-09 19:12:41,620 - Login Successful
2022-03-09 19:12:41,623 - Enter 1 Go out
2022-03-09 19:12:41,624 - Enter 2 for contact information
2022-03-09 19:12:41,624 - Enter 3 to open recording menu/Sign up for repairs./View machine status.
2022-03-09 19:12:41,624 - Enter 4 to get information about the car/View the list of cars./Edit information on car
2022-03-09 19:12:41,624 - Enter 5 to edit information about the client
2022-03-09 19:39:34,377 - Enter 1,to exit the application.
2022-03-09 19:39:34,378 - Enter 2, to login as a registered user.
2022-03-09 19:39:34,378 - Enter 3, for information.
2022-03-09 19:39:36,696 - Enter 1:Back to main menu
2022-03-09 19:39:36,696 - Enter 2 to login.
2022-03-09 19:39:36,696 - Enter 3 to registration.
2022-03-09 19:39:39,419 - Enter 1:Back to main menu
2022-03-09 19:39:39,419 - Enter 2 to login.
2022-03-09 19:39:39,419 - Enter 3 to registration.
2022-03-09 19:39:40,697 - Enter 1:Back to main menu
2022-03-09 19:39:40,697 - Enter 2 to login.
2022-03-09 19:39:40,697 - Enter 3 to registration.
2022-03-09 19:39:43,463 - Enter login.
2022-03-09 19:39:45,317 - Enter password
2022-03-09 19:39:46,732 - Login Successful
2022-03-09 19:39:46,733 - Enter 1 Go out
2022-03-09 19:39:46,733 - Enter 2 to show contact information
2022-03-09 19:39:46,733 - Enter 3 to go to the order menu. Search/Modify/Appoint
2022-03-09 19:39:46,733 - Enter 4 to create a client.
2022-03-09 19:39:46,733 - Enter 5 to create/edit master.
2022-03-09 19:39:46,733 - Enter 6 to edit personal information
2022-03-09 19:39:46,733 - Enter 7 to add receiver master
2022-03-09 19:39:46,733 - Enter 8 to search and modify a client
2022-03-09 19:40:39,032 - Enter 1,to exit the application.
2022-03-09 19:40:39,032 - Enter 2, to login as a registered user.
2022-03-09 19:40:39,032 - Enter 3, for information.
2022-03-09 19:40:41,366 - Enter 1:Back to main menu
2022-03-09 19:40:41,366 - Enter 2 to login.
2022-03-09 19:40:41,367 - Enter 3 to registration.
2022-03-09 19:40:42,305 - Enter login.
2022-03-09 19:40:45,609 - Enter password
2022-03-09 19:40:47,409 - Login Successful
2022-03-09 19:40:47,413 - Enter 1 Go out
2022-03-09 19:40:47,414 - Enter 2 for contact information
2022-03-09 19:40:47,414 - Enter 3 to open recording menu/Sign up for repairs./View machine status.
2022-03-09 19:40:47,414 - Enter 4 to get information about the car/View the list of cars./Edit information on car
2022-03-09 19:40:47,414 - Enter 5 to edit information about the client
2022-03-09 19:40:49,224 - Enter 1:Back to main menu
2022-03-09 19:40:49,224 - Enter 2 to login.
2022-03-09 19:40:49,224 - Enter 3 to registration.
2022-03-09 19:40:50,535 - Enter login.
2022-03-09 19:40:53,036 - Enter password
2022-03-09 19:40:54,541 - User is not found
2022-03-09 19:40:54,542 - Enter 1 Go out
2022-03-09 19:40:54,542 - Enter 2 for contact information
2022-03-09 19:40:54,542 - Enter 3 to open recording menu/Sign up for repairs./View machine status.
2022-03-09 19:40:54,542 - Enter 4 to get information about the car/View the list of cars./Edit information on car
2022-03-09 19:40:54,542 - Enter 5 to edit information about the client
2022-03-09 19:41:00,340 - Contact Information: Address: Minsk, Gintovta st., 1, 3rd floor
Phone:+375(33)330-89-79
Opening hours:8.00-23.00
2022-03-09 19:41:00,341 - Enter 1 Go out
2022-03-09 19:41:00,341 - Enter 2 for contact information
2022-03-09 19:41:00,341 - Enter 3 to open recording menu/Sign up for repairs./View machine status.
2022-03-09 19:41:00,341 - Enter 4 to get information about the car/View the list of cars./Edit information on car
2022-03-09 19:41:00,341 - Enter 5 to edit information about the client
2022-03-09 19:41:05,546 - Enter 1 Go out
2022-03-09 19:41:05,546 - Enter 2 for contact information
2022-03-09 19:41:05,546 - Enter 3 to open recording menu/Sign up for repairs./View machine status.
2022-03-09 19:41:05,546 - Enter 4 to get information about the car/View the list of cars./Edit information on car
2022-03-09 19:41:05,546 - Enter 5 to edit information about the client
2022-03-09 19:41:13,101 - Enter 1.Main menu
2022-03-09 19:41:13,101 - Enter 2. Display a list of cars
2022-03-09 19:41:13,101 - Enter 5. Select a car to edit
2022-03-09 19:41:13,102 - Enter 6 to add car data
2022-03-09 19:41:14,963 - [Your cars: summer='9877om', ear='1', metadataCar='1', run='1'}]
2022-03-09 19:41:14,963 - Enter 1.Close selection and editor menu
2022-03-09 19:41:14,963 - Enter 2. Display a list of cars
2022-03-09 19:41:14,963 - Enter 5 to go to a specific car
2022-03-09 19:47:30,908 - Enter 1,to exit the application.
2022-03-09 19:47:30,908 - Enter 2, to login as a registered user.
2022-03-09 19:47:30,908 - Enter 3, for information.
2022-03-09 19:47:33,911 - Enter 1:Back to main menu
2022-03-09 19:47:33,911 - Enter 2 to login.
2022-03-09 19:47:33,911 - Enter 3 to registration.
2022-03-09 19:47:34,824 - Enter login.
2022-03-09 19:47:37,526 - Enter password
2022-03-09 19:47:38,264 - User is not found
2022-03-09 19:47:38,265 - Enter 1:Back to main menu
2022-03-09 19:47:38,265 - Enter 2 to login.
2022-03-09 19:47:38,265 - Enter 3 to registration.
2022-03-09 19:47:41,784 - Enter login.
2022-03-09 19:47:44,589 - Enter password
2022-03-09 19:47:46,041 - User is not found
2022-03-09 19:47:46,041 - Enter 1:Back to main menu
2022-03-09 19:47:46,041 - Enter 2 to login.
2022-03-09 19:47:46,041 - Enter 3 to registration.
2022-03-09 19:47:47,803 - Enter login.
2022-03-09 19:47:50,297 - Enter password
2022-03-09 19:47:51,512 - Login Successful
2022-03-09 19:47:51,516 - Enter 1 Go out
2022-03-09 19:47:51,516 - Enter 2 for contact information
2022-03-09 19:47:51,516 - Enter 3 to open recording menu/Sign up for repairs./View machine status.
2022-03-09 19:47:51,516 - Enter 4 to get information about the car/View the list of cars./Edit information on car
2022-03-09 19:47:51,516 - Enter 5 to edit information about the client
2022-03-09 19:48:01,253 - Enter 1:Back to main menu
2022-03-09 19:48:01,253 - Enter 2 to login.
2022-03-09 19:48:01,253 - Enter 3 to registration.
2022-03-09 19:48:02,501 - Enter login.
2022-03-09 19:48:03,978 - Enter password
2022-03-09 19:48:04,887 - User is not found
2022-03-09 19:48:04,887 - Enter 1 Go out
2022-03-09 19:48:04,887 - Enter 2 for contact information
2022-03-09 19:48:04,887 - Enter 3 to open recording menu/Sign up for repairs./View machine status.
2022-03-09 19:48:04,887 - Enter 4 to get information about the car/View the list of cars./Edit information on car
2022-03-09 19:48:04,887 - Enter 5 to edit information about the client
2022-03-09 19:48:16,950 - Enter 1:Back to main menu
2022-03-09 19:48:16,950 - Enter 2 to login.
2022-03-09 19:48:16,950 - Enter 3 to registration.
2022-03-09 19:48:18,155 - Enter login.
2022-03-09 19:48:20,895 - Enter password
2022-03-09 19:48:22,563 - Login Successful
2022-03-09 19:48:22,563 - Enter 1 Go out
2022-03-09 19:48:22,563 - Enter 2 to show contact information
2022-03-09 19:48:22,563 - Enter 3 to go to the order menu. Search/Modify/Appoint
2022-03-09 19:48:22,563 - Enter 4 to create a client.
2022-03-09 19:48:22,564 - Enter 5 to create/edit master.
2022-03-09 19:48:22,564 - Enter 6 to edit personal information
2022-03-09 19:48:22,564 - Enter 7 to add receiver master
2022-03-09 19:48:22,564 - Enter 8 to search and modify a client
2022-03-09 19:48:24,798 - Enter 1 Go out
2022-03-09 19:48:24,798 - Enter 2 for contact information
2022-03-09 19:48:24,799 - Enter 3 to open recording menu/Sign up for repairs./View machine status.
2022-03-09 19:48:24,799 - Enter 4 to get information about the car/View the list of cars./Edit information on car
2022-03-09 19:48:24,799 - Enter 5 to edit information about the client
2022-03-09 19:48:26,345 - Enter 1:Back to main menu
2022-03-09 19:48:26,346 - Enter 2 to login.
2022-03-09 19:48:26,346 - Enter 3 to registration.
2022-03-09 19:48:27,756 - Enter login.
2022-03-09 19:48:28,947 - Enter password
2022-03-09 19:48:31,704 - User is not found
2022-03-09 19:48:31,704 - Enter 1 Go out
2022-03-09 19:48:31,704 - Enter 2 to show contact information
2022-03-09 19:48:31,704 - Enter 3 to go to the order menu. Search/Modify/Appoint
2022-03-09 19:48:31,704 - Enter 4 to create a client.
2022-03-09 19:48:31,704 - Enter 5 to create/edit master.
2022-03-09 19:48:31,704 - Enter 6 to edit personal information
2022-03-09 19:48:31,704 - Enter 7 to add receiver master
2022-03-09 19:48:31,704 - Enter 8 to search and modify a client
2022-03-09 19:48:37,102 - Enter 1 Go out
2022-03-09 19:48:37,103 - Enter 2 for contact information
2022-03-09 19:48:37,103 - Enter 3 to open recording menu/Sign up for repairs./View machine status.
2022-03-09 19:48:37,103 - Enter 4 to get information about the car/View the list of cars./Edit information on car
2022-03-09 19:48:37,103 - Enter 5 to edit information about the client
2022-03-09 19:48:38,276 - Enter 1:Back to main menu
2022-03-09 19:48:38,276 - Enter 2 to login.
2022-03-09 19:48:38,276 - Enter 3 to registration.
2022-03-09 19:48:39,154 - Enter 1,to exit the application.
2022-03-09 19:48:39,154 - Enter 2, to login as a registered user.
2022-03-09 19:48:39,154 - Enter 3, for information.
2022-03-09 20:10:41,879 - Enter 1,to exit the application.
2022-03-09 20:10:41,879 - Enter 2, to login as a registered user.
2022-03-09 20:10:41,880 - Enter 3, for information.
2022-03-09 20:10:43,635 - Enter 1:Back to main menu
2022-03-09 20:10:43,635 - Enter 2 to login.
2022-03-09 20:10:43,635 - Enter 3 to registration.
2022-03-09 20:10:44,577 - Enter login.
2022-03-09 20:10:46,010 - Enter password
2022-03-09 20:10:47,376 - Login Successful
2022-03-09 20:10:47,411 - Enter 1 Go out
2022-03-09 20:10:47,411 - Enter 2 for contact information
2022-03-09 20:10:47,411 - Enter 3 to open recording menu/Sign up for repairs./View machine status.
2022-03-09 20:10:47,411 - Enter 4 to get information about the car/View the list of cars./Edit information on car
2022-03-09 20:10:47,411 - Enter 5 to edit information about the client
2022-03-09 20:10:50,743 - Enter 1:Back to main menu
2022-03-09 20:10:50,744 - Enter 2 to login.
2022-03-09 20:10:50,744 - Enter 3 to registration.
2022-03-09 20:10:51,994 - Enter login.
2022-03-09 20:10:53,807 - Enter password
2022-03-09 20:10:54,460 - User is not found
2022-03-09 20:10:54,461 - Enter 1 Go out
2022-03-09 20:10:54,461 - Enter 2 for contact information
2022-03-09 20:10:54,461 - Enter 3 to open recording menu/Sign up for repairs./View machine status.
2022-03-09 20:10:54,461 - Enter 4 to get information about the car/View the list of cars./Edit information on car
2022-03-09 20:10:54,461 - Enter 5 to edit information about the client
2022-03-09 20:13:35,020 - Enter 1,to exit the application.
2022-03-09 20:13:35,021 - Enter 2, to login as a registered user.
2022-03-09 20:13:35,021 - Enter 3, for information.
2022-03-09 20:13:37,275 - Enter 1:Back to main menu
2022-03-09 20:13:37,276 - Enter 2 to login.
2022-03-09 20:13:37,276 - Enter 3 to registration.
2022-03-09 20:13:38,305 - Enter login.
2022-03-09 20:13:39,949 - Enter password
2022-03-09 20:13:41,480 - Enter 1 Go out
2022-03-09 20:13:41,480 - Enter 2 for contact information
2022-03-09 20:13:41,480 - Enter 3 to open recording menu/Sign up for repairs./View machine status.
2022-03-09 20:13:41,480 - Enter 4 to get information about the car/View the list of cars./Edit information on car
2022-03-09 20:13:41,480 - Enter 5 to edit information about the client
2022-03-09 20:13:44,103 - Enter 1:Back to main menu
2022-03-09 20:13:44,103 - Enter 2 to login.
2022-03-09 20:13:44,103 - Enter 3 to registration.
2022-03-09 20:13:45,597 - Enter login.
2022-03-09 20:13:46,366 - Enter password
2022-03-09 20:13:47,416 - Enter 1 Go out
2022-03-09 20:13:47,416 - Enter 2 for contact information
2022-03-09 20:13:47,416 - Enter 3 to open recording menu/Sign up for repairs./View machine status.
2022-03-09 20:13:47,416 - Enter 4 to get information about the car/View the list of cars./Edit information on car
2022-03-09 20:13:47,417 - Enter 5 to edit information about the client
2022-03-09 20:14:24,685 - Enter 1,to exit the application.
2022-03-09 20:14:24,686 - Enter 2, to login as a registered user.
2022-03-09 20:14:24,686 - Enter 3, for information.
2022-03-09 20:14:26,397 - Enter 1:Back to main menu
2022-03-09 20:14:26,398 - Enter 2 to login.
2022-03-09 20:14:26,398 - Enter 3 to registration.
2022-03-09 20:14:27,790 - Enter login.
2022-03-09 20:14:29,117 - Enter password
2022-03-09 20:14:31,609 - Enter 1 Go out
2022-03-09 20:14:31,609 - Enter 2 for contact information
2022-03-09 20:14:31,609 - Enter 3 to open recording menu/Sign up for repairs./View machine status.
2022-03-09 20:14:31,609 - Enter 4 to get information about the car/View the list of cars./Edit information on car
2022-03-09 20:14:31,610 - Enter 5 to edit information about the client
2022-03-09 20:14:35,134 - Enter 1:Back to main menu
2022-03-09 20:14:35,134 - Enter 2 to login.
2022-03-09 20:14:35,134 - Enter 3 to registration.
2022-03-09 20:14:36,897 - Enter login.
2022-03-09 20:14:37,963 - Enter password
2022-03-09 20:14:39,210 - Enter 1:Back to main menu
2022-03-09 20:14:39,210 - Enter 2 to login.
2022-03-09 20:14:39,210 - Enter 3 to registration.
2022-03-09 20:14:45,385 - Enter login.
2022-03-09 20:14:47,831 - Enter password
2022-03-09 20:14:50,214 - Enter 1 Go out
2022-03-09 20:14:50,214 - Enter 2 to show contact information
2022-03-09 20:14:50,214 - Enter 3 to go to the order menu. Search/Modify/Appoint
2022-03-09 20:14:50,214 - Enter 4 to create a client.
2022-03-09 20:14:50,214 - Enter 5 to create/edit master.
2022-03-09 20:14:50,214 - Enter 6 to edit personal information
2022-03-09 20:14:50,214 - Enter 7 to add receiver master
2022-03-09 20:14:50,214 - Enter 8 to search and modify a client
2022-03-09 20:15:03,450 - Enter 1 Go out
2022-03-09 20:15:03,451 - Enter 2 for contact information
2022-03-09 20:15:03,451 - Enter 3 to open recording menu/Sign up for repairs./View machine status.
2022-03-09 20:15:03,451 - Enter 4 to get information about the car/View the list of cars./Edit information on car
2022-03-09 20:15:03,451 - Enter 5 to edit information about the client
2022-03-09 20:30:43,139 - Enter 1,to exit the application.
2022-03-09 20:30:43,139 - Enter 2, to login as a registered user.
2022-03-09 20:30:43,140 - Enter 3, for information.
2022-03-09 20:30:57,319 - Enter 1:Back to main menu
2022-03-09 20:30:57,320 - Enter 2 to login.
2022-03-09 20:30:57,320 - Enter 3 to registration.
2022-03-09 20:30:58,278 - Enter login.
2022-03-09 20:30:59,717 - Enter password
2022-03-09 20:31:01,332 - Enter 1 Go out
2022-03-09 20:31:01,332 - Enter 2 for contact information
2022-03-09 20:31:01,332 - Enter 3 to open recording menu/Sign up for repairs./View machine status.
2022-03-09 20:31:01,332 - Enter 4 to get information about the car/View the list of cars./Edit information on car
2022-03-09 20:31:01,332 - Enter 5 to edit information about the client
2022-03-09 20:31:04,201 - Enter 1:Back to main menu
2022-03-09 20:31:04,201 - Enter 2 to login.
2022-03-09 20:31:04,201 - Enter 3 to registration.
2022-03-09 20:31:05,251 - Enter login.
2022-03-09 20:31:06,066 - Enter password
2022-03-09 20:31:06,554 - Enter 1:Back to main menu
2022-03-09 20:31:06,554 - Enter 2 to login.
2022-03-09 20:31:06,554 - Enter 3 to registration.
2022-03-09 20:31:08,751 - Enter login.
2022-03-09 20:31:11,862 - Enter password
2022-03-09 20:31:13,515 - Enter 1 Go out
2022-03-09 20:31:13,515 - Enter 2 for contact information
2022-03-09 20:31:13,515 - Enter 3 to open recording menu/Sign up for repairs./View machine status.
2022-03-09 20:31:13,515 - Enter 4 to get information about the car/View the list of cars./Edit information on car
2022-03-09 20:31:13,515 - Enter 5 to edit information about the client
2022-03-09 21:36:51,650 - Enter 1,to exit the application.
2022-03-09 21:36:51,651 - Enter 2, to login as a registered user.
2022-03-09 21:36:51,651 - Enter 3, for information.
2022-03-09 21:36:55,647 - Enter 1:Back to main menu
2022-03-09 21:36:55,647 - Enter 2 to login.
2022-03-09 21:36:55,647 - Enter 3 to registration.
2022-03-09 21:36:56,838 - Enter login.
2022-03-09 21:36:58,281 - Enter password
2022-03-09 21:36:59,632 - MasterMenu
2022-03-09 21:36:59,633 - Enter 1 Go out
2022-03-09 21:36:59,633 - Enter 2 to show contact information
2022-03-09 21:36:59,633 - Enter 3 to go to the order menu. Search/Modify/Appoint
2022-03-09 21:36:59,633 - Enter 4 to create a client.
2022-03-09 21:36:59,633 - Enter 5 to create/edit master.
2022-03-09 21:36:59,633 - Enter 6 to edit personal information
2022-03-09 21:36:59,633 - Enter 7 to add receiver master
2022-03-09 21:36:59,633 - Enter 8 to search and modify a client
2022-03-09 21:37:34,462 - Enter 1 Go out
2022-03-09 21:37:34,463 - Enter 2 for contact information
2022-03-09 21:37:34,463 - Enter 3 to open recording menu/Sign up for repairs./View machine status.
2022-03-09 21:37:34,463 - Enter 4 to get information about the car/View the list of cars./Edit information on car
2022-03-09 21:37:34,463 - Enter 5 to edit information about the client
2022-03-09 21:37:38,659 - Enter 1:Back to main menu
2022-03-09 21:37:38,659 - Enter 2 to login.
2022-03-09 21:37:38,659 - Enter 3 to registration.
2022-03-09 21:37:40,000 - Enter login.
2022-03-09 21:37:42,352 - Enter password
2022-03-09 21:37:43,599 - MasterMenu
2022-03-09 21:37:43,599 - Enter 1 Go out
2022-03-09 21:37:43,599 - Enter 2 to show contact information
2022-03-09 21:37:43,599 - Enter 3 to go to the order menu. Search/Modify/Appoint
2022-03-09 21:37:43,599 - Enter 4 to create a client.
2022-03-09 21:37:43,599 - Enter 5 to create/edit master.
2022-03-09 21:37:43,599 - Enter 6 to edit personal information
2022-03-09 21:37:43,599 - Enter 7 to add receiver master
2022-03-09 21:37:43,599 - Enter 8 to search and modify a client
2022-03-09 21:41:05,422 - Enter 1,to exit the application.
2022-03-09 21:41:05,422 - Enter 2, to login as a registered user.
2022-03-09 21:41:05,422 - Enter 3, for information.
2022-03-09 21:41:07,823 - Enter 1:Back to main menu
2022-03-09 21:41:07,823 - Enter 2 to login.
2022-03-09 21:41:07,823 - Enter 3 to registration.
2022-03-09 21:41:08,854 - Enter login.
2022-03-09 21:41:13,057 - Enter password
2022-03-09 21:41:14,391 - Enter 1 Go out
2022-03-09 21:41:14,391 - Enter 2 for contact information
2022-03-09 21:41:14,391 - Enter 3 to open recording menu/Sign up for repairs./View machine status.
2022-03-09 21:41:14,391 - Enter 4 to get information about the car/View the list of cars./Edit information on car
2022-03-09 21:41:14,391 - Enter 5 to edit information about the client
2022-03-09 21:41:18,686 - Enter 1:Back to main menu
2022-03-09 21:41:18,686 - Enter 2 to login.
2022-03-09 21:41:18,686 - Enter 3 to registration.
2022-03-09 21:41:20,063 - Enter login.
2022-03-09 21:41:21,613 - Enter password
2022-03-09 21:41:22,247 - Enter 1:Back to main menu
2022-03-09 21:41:22,247 - Enter 2 to login.
2022-03-09 21:41:22,247 - Enter 3 to registration.
2022-03-09 21:41:24,631 - Enter login.
2022-03-09 21:41:28,116 - Enter password
2022-03-09 21:41:29,572 - Enter 1 Go out
2022-03-09 21:41:29,572 - Enter 2 for contact information
2022-03-09 21:41:29,572 - Enter 3 to open recording menu/Sign up for repairs./View machine status.
2022-03-09 21:41:29,572 - Enter 4 to get information about the car/View the list of cars./Edit information on car
2022-03-09 21:41:29,572 - Enter 5 to edit information about the client
2022-03-09 21:41:37,890 - Enter 1:Back to main menu
2022-03-09 21:41:37,890 - Enter 2 to login.
2022-03-09 21:41:37,890 - Enter 3 to registration.
2022-03-09 21:41:39,088 - Enter login.
2022-03-09 21:41:41,191 - Enter password
2022-03-09 21:41:42,540 - Enter 1 Go out
2022-03-09 21:41:42,540 - Enter 2 to show contact information
2022-03-09 21:41:42,540 - Enter 3 to go to the order menu. Search/Modify/Appoint
2022-03-09 21:41:42,540 - Enter 4 to create a client.
2022-03-09 21:41:42,540 - Enter 5 to create/edit master.
2022-03-09 21:41:42,540 - Enter 6 to edit personal information
2022-03-09 21:41:42,540 - Enter 7 to add receiver master
2022-03-09 21:41:42,540 - Enter 8 to search and modify a client
2022-03-09 21:41:46,115 - Enter 1:Back to main menu
2022-03-09 21:41:46,115 - Enter 2 to login.
2022-03-09 21:41:46,116 - Enter 3 to registration.
2022-03-09 21:41:47,843 - Enter login.
2022-03-09 21:41:50,544 - Enter password
2022-03-09 21:41:51,748 - Enter 1 Go out
2022-03-09 21:41:51,748 - Enter 2 for contact information
2022-03-09 21:41:51,748 - Enter 3 to open recording menu/Sign up for repairs./View machine status.
2022-03-09 21:41:51,748 - Enter 4 to get information about the car/View the list of cars./Edit information on car
2022-03-09 21:41:51,748 - Enter 5 to edit information about the client
2022-03-09 21:41:55,849 - Enter 1.Main menu
2022-03-09 21:41:55,849 - Enter 2. Display a list of cars
2022-03-09 21:41:55,849 - Enter 5. Select a car to edit
2022-03-09 21:41:55,849 - Enter 6 to add car data
2022-03-09 21:41:59,273 - [Your cars: summer='12', ear='12', metadataCar='33', run='12'}]
2022-03-09 21:41:59,273 - Enter 1.Close selection and editor menu
2022-03-09 21:41:59,274 - Enter 2. Display a list of cars
2022-03-09 21:41:59,274 - Enter 5 to go to a specific car
2022-03-09 21:42:07,624 - Enter 1 Go out
2022-03-09 21:42:07,624 - Enter 2 for contact information
2022-03-09 21:42:07,624 - Enter 3 to open recording menu/Sign up for repairs./View machine status.
2022-03-09 21:42:07,624 - Enter 4 to get information about the car/View the list of cars./Edit information on car
2022-03-09 21:42:07,624 - Enter 5 to edit information about the client
2022-03-09 21:42:09,226 - Enter 1:Back to main menu
2022-03-09 21:42:09,226 - Enter 2 to login.
2022-03-09 21:42:09,227 - Enter 3 to registration.
2022-03-09 21:42:10,304 - Enter login.
2022-03-09 21:42:13,829 - Enter password
2022-03-09 21:42:15,330 - Enter 1 Go out
2022-03-09 21:42:15,330 - Enter 2 for contact information
2022-03-09 21:42:15,330 - Enter 3 to open recording menu/Sign up for repairs./View machine status.
2022-03-09 21:42:15,331 - Enter 4 to get information about the car/View the list of cars./Edit information on car
2022-03-09 21:42:15,331 - Enter 5 to edit information about the client
2022-03-09 21:42:22,751 - Enter 1.Main menu
2022-03-09 21:42:22,751 - Enter 2. Display a list of cars
2022-03-09 21:42:22,751 - Enter 5. Select a car to edit
2022-03-09 21:42:22,751 - Enter 6 to add car data
2022-03-09 21:42:24,410 - [Your cars: summer='9877om', ear='1', metadataCar='1', run='1'}]
2022-03-09 21:42:24,410 - Enter 1.Close selection and editor menu
2022-03-09 21:42:24,410 - Enter 2. Display a list of cars
2022-03-09 21:42:24,410 - Enter 5 to go to a specific car
